<?xml version="1.0" encoding="UTF-8"?>
<testng-results ignored="0" total="1" passed="1" failed="0" skipped="0">
  <reporter-output>
  </reporter-output>
  <suite started-at="2023-05-05T17:31:48 IST" name="Default suite" finished-at="2023-05-05T17:31:53 IST" duration-ms="4749">
    <groups>
    </groups>
    <test started-at="2023-05-05T17:31:48 IST" name="Default test" finished-at="2023-05-05T17:31:53 IST" duration-ms="4749">
      <class name="com.actitime.testscript.DemoScreenShot">
        <test-method signature="Screenshot()[pri:0, instance:com.actitime.testscript.DemoScreenShot@72a7c7e0]" started-at="2023-05-05T17:31:48 IST" name="Screenshot" finished-at="2023-05-05T17:31:53 IST" duration-ms="4719" status="PASS">
          <reporter-output>
          </reporter-output>
        </test-method> <!-- Screenshot -->
      </class> <!-- com.actitime.testscript.DemoScreenShot -->
    </test> <!-- Default test -->
  </suite> <!-- Default suite -->
</testng-results>
